<?xml version="1.0" encoding="UTF-8"?>
<!-- Generated by org.testng.reporters.JUnitReportReporter -->
<testsuite hostname="DESKTOP-8BLJPQ9" failures="0" tests="1" name="selenium_concepts.FileUploadbyRobotClass" time="3.791" errors="0" timestamp="2022-09-28T19:47:10 IST" skipped="0">
  <testcase classname="selenium_concepts.FileUploadbyRobotClass" name="fileupload" time="3.791"/>
  <system-out/>
</testsuite> <!-- selenium_concepts.FileUploadbyRobotClass -->
