<?xml version="1.0" encoding="UTF-8"?>
<!-- Generated by org.testng.reporters.JUnitReportReporter -->
<testsuite hostname="DESKTOP-8BLJPQ9" failures="0" tests="1" name="selenium_concepts.Alerts" time="8.304" errors="0" timestamp="2022-09-18T21:21:02 IST" skipped="0">
  <testcase classname="selenium_concepts.Alerts" name="methodone" time="8.304"/>
  <system-out/>
</testsuite> <!-- selenium_concepts.Alerts -->
