<?xml version="1.0" encoding="UTF-8"?>
<!-- Generated by org.testng.reporters.JUnitReportReporter -->
<testsuite hostname="DESKTOP-8BLJPQ9" failures="0" tests="1" name="selenium_concepts.Action_doubleclick" time="5.561" errors="0" timestamp="2022-09-29T15:06:37 IST" skipped="0">
  <testcase classname="selenium_concepts.Action_doubleclick" name="methodone" time="5.561"/>
  <system-out/>
</testsuite> <!-- selenium_concepts.Action_doubleclick -->
