<?xml version="1.0" encoding="UTF-8"?>
<!-- Generated by org.testng.reporters.JUnitReportReporter -->
<testsuite hostname="DESKTOP-8BLJPQ9" failures="0" tests="1" name="selenium_concepts.Mouseover_Action" time="6.961" errors="0" timestamp="2022-09-18T21:32:41 IST" skipped="0">
  <testcase classname="selenium_concepts.Mouseover_Action" name="methodone" time="6.961"/>
  <system-out/>
</testsuite> <!-- selenium_concepts.Mouseover_Action -->
