<?xml version="1.0" encoding="UTF-8"?>
<!-- Generated by org.testng.reporters.JUnitReportReporter -->
<testsuite hostname="DESKTOP-8BLJPQ9" failures="0" tests="1" name="selenium_concepts.WindowHandling" time="6.430" errors="0" timestamp="2022-09-29T20:39:22 IST" skipped="0">
  <testcase classname="selenium_concepts.WindowHandling" name="methodone" time="6.430"/>
  <system-out/>
</testsuite> <!-- selenium_concepts.WindowHandling -->
